


Gadgets
=======


[0;31m0x000000000040060e[0m: [0;37m[0;37m[1;33madc[0m [0m[0;37mbyte ptr [rax], ah[0m[0m[1;34m; [0m[0;37m[0;37m[1;33mjmp[0m [0m[0;37mrax[0m[0m[1;34m; [0m
[0;31m0x00000000004005df[0m: [0;37m[0;37m[1;33madd[0m [0m[0;37mbl, dh[0m[0m[1;34m; [0m[1;33mret[0m[1;34m; [0m
[0;31m0x0000000000400605[0m: [0;37m[0;37m[1;33madd[0m [0m[0;37mbyte ptr [rax - 0x7b], cl[0m[0m[1;34m; [0m[0;37m[0;37m[1;33msal[0m [0m[0;37mbyte ptr [rbp + rcx + 0x5d], 0xbf[0m[0m[1;34m; [0m[0;37m[0;37m[1;33mpop[0m [0m[0;37mrax[0m[0m[1;34m; [0m[0;37m[0;37m[1;33madc[0m [0m[0;37mbyte ptr [rax], ah[0m[0m[1;34m; [0m[0;37m[0;37m[1;33mjmp[0m [0m[0;37mrax[0m[0m[1;34m; [0m
[0;31m0x0000000000400647[0m: [0;37m[0;37m[1;33madd[0m [0m[0;37mbyte ptr [rax - 0x7b], cl[0m[0m[1;34m; [0m[0;37m[0;37m[1;33msal[0m [0m[0;37mbyte ptr [rbx + rcx + 0x5d], 0xbf[0m[0m[1;34m; [0m[0;37m[0;37m[1;33mpop[0m [0m[0;37mrax[0m[0m[1;34m; [0m[0;37m[0;37m[1;33madc[0m [0m[0;37mbyte ptr [rax], ah[0m[0m[1;34m; [0m[0;37m[0;37m[1;33mjmp[0m [0m[0;37mrax[0m[0m[1;34m; [0m
[0;31m0x0000000000400532[0m: [0;37m[0;37m[1;33madd[0m [0m[0;37mbyte ptr [rax - 0x7b], cl[0m[0m[1;34m; [0m[0;37m[0;37m[1;33msal[0m [0m[0;37mbyte ptr [rdx + rax - 1], 0xd0[0m[0m[1;34m; [0m[0;37m[0;37m[1;33madd[0m [0m[0;37mrsp, 8[0m[0m[1;34m; [0m[1;33mret[0m[1;34m; [0m
[0;31m0x00000000004007ed[0m: [0;37m[0;37m[1;33madd[0m [0m[0;37mbyte ptr [rax], al[0m[0m[1;34m; [0m[0;37m[0;37m[1;33madd[0m [0m[0;37mbl, dh[0m[0m[1;34m; [0m[1;33mret[0m[1;34m; [0m
[0;31m0x0000000000400603[0m: [0;37m[0;37m[1;33madd[0m [0m[0;37mbyte ptr [rax], al[0m[0m[1;34m; [0m[0;37m[0;37m[1;33madd[0m [0m[0;37mbyte ptr [rax - 0x7b], cl[0m[0m[1;34m; [0m[0;37m[0;37m[1;33msal[0m [0m[0;37mbyte ptr [rbp + rcx + 0x5d], 0xbf[0m[0m[1;34m; [0m[0;37m[0;37m[1;33mpop[0m [0m[0;37mrax[0m[0m[1;34m; [0m[0;37m[0;37m[1;33madc[0m [0m[0;37mbyte ptr [rax], ah[0m[0m[1;34m; [0m[0;37m[0;37m[1;33mjmp[0m [0m[0;37mrax[0m[0m[1;34m; [0m
[0;31m0x0000000000400645[0m: [0;37m[0;37m[1;33madd[0m [0m[0;37mbyte ptr [rax], al[0m[0m[1;34m; [0m[0;37m[0;37m[1;33madd[0m [0m[0;37mbyte ptr [rax - 0x7b], cl[0m[0m[1;34m; [0m[0;37m[0;37m[1;33msal[0m [0m[0;37mbyte ptr [rbx + rcx + 0x5d], 0xbf[0m[0m[1;34m; [0m[0;37m[0;37m[1;33mpop[0m [0m[0;37mrax[0m[0m[1;34m; [0m[0;37m[0;37m[1;33madc[0m [0m[0;37mbyte ptr [rax], ah[0m[0m[1;34m; [0m[0;37m[0;37m[1;33mjmp[0m [0m[0;37mrax[0m[0m[1;34m; [0m
[0;31m0x00000000004007eb[0m: [0;37m[0;37m[1;33madd[0m [0m[0;37mbyte ptr [rax], al[0m[0m[1;34m; [0m[0;37m[0;37m[1;33madd[0m [0m[0;37mbyte ptr [rax], al[0m[0m[1;34m; [0m[0;37m[0;37m[1;33madd[0m [0m[0;37mbl, dh[0m[0m[1;34m; [0m[1;33mret[0m[1;34m; [0m
[0;31m0x00000000004006e2[0m: [0;37m[0;37m[1;33madd[0m [0m[0;37mbyte ptr [rax], al[0m[0m[1;34m; [0m[0;37m[0;37m[1;33madd[0m [0m[0;37mbyte ptr [rax], al[0m[0m[1;34m; [0m[0;37m[0;37m[1;33mpop[0m [0m[0;37mrbp[0m[0m[1;34m; [0m[1;33mret[0m[1;34m; [0m
[0;31m0x00000000004006d4[0m: [0;37m[0;37m[1;33madd[0m [0m[0;37mbyte ptr [rax], al[0m[0m[1;34m; [0m[0;37m[0;37m[1;33madd[0m [0m[0;37mbyte ptr [rdi + 0x400828], bh[0m[0m[1;34m; [0m[0;37m[0;37m[1;33mcall[0m [0m[0;37m0x550[0m[0m[1;34m; [0m[0;37m[0;37m[1;33mmov[0m [0m[0;37meax, 0[0m[0m[1;34m; [0m[0;37m[0;37m[1;33mpop[0m [0m[0;37mrbp[0m[0m[1;34m; [0m[1;33mret[0m[1;34m; [0m
[0;31m0x00000000004006d5[0m: [0;37m[0;37m[1;33madd[0m [0m[0;37mbyte ptr [rax], al[0m[0m[1;34m; [0m[0;37m[0;37m[1;33mmov[0m [0m[0;37medi, 0x400828[0m[0m[1;34m; [0m[0;37m[0;37m[1;33mcall[0m [0m[0;37m0x550[0m[0m[1;34m; [0m[0;37m[0;37m[1;33mmov[0m [0m[0;37meax, 0[0m[0m[1;34m; [0m[0;37m[0;37m[1;33mpop[0m [0m[0;37mrbp[0m[0m[1;34m; [0m[1;33mret[0m[1;34m; [0m
[0;31m0x0000000000400616[0m: [0;37m[0;37m[1;33madd[0m [0m[0;37mbyte ptr [rax], al[0m[0m[1;34m; [0m[0;37m[0;37m[1;33mpop[0m [0m[0;37mrbp[0m[0m[1;34m; [0m[1;33mret[0m[1;34m; [0m
[0;31m0x00000000004007f2[0m: [0;37m[0;37m[1;33madd[0m [0m[0;37mbyte ptr [rax], al[0m[0m[1;34m; [0m[0;37m[0;37m[1;33msub[0m [0m[0;37mrsp, 8[0m[0m[1;34m; [0m[0;37m[0;37m[1;33madd[0m [0m[0;37mrsp, 8[0m[0m[1;34m; [0m[1;33mret[0m[1;34m; [0m
[0;31m0x0000000000400604[0m: [0;37m[0;37m[1;33madd[0m [0m[0;37mbyte ptr [rax], al[0m[0m[1;34m; [0m[0;37m[0;37m[1;33mtest[0m [0m[0;37mrax, rax[0m[0m[1;34m; [0m[0;37m[0;37m[1;33mje[0m [0m[0;37m0x618[0m[0m[1;34m; [0m[0;37m[0;37m[1;33mpop[0m [0m[0;37mrbp[0m[0m[1;34m; [0m[0;37m[0;37m[1;33mmov[0m [0m[0;37medi, 0x601058[0m[0m[1;34m; [0m[0;37m[0;37m[1;33mjmp[0m [0m[0;37mrax[0m[0m[1;34m; [0m
[0;31m0x0000000000400646[0m: [0;37m[0;37m[1;33madd[0m [0m[0;37mbyte ptr [rax], al[0m[0m[1;34m; [0m[0;37m[0;37m[1;33mtest[0m [0m[0;37mrax, rax[0m[0m[1;34m; [0m[0;37m[0;37m[1;33mje[0m [0m[0;37m0x658[0m[0m[1;34m; [0m[0;37m[0;37m[1;33mpop[0m [0m[0;37mrbp[0m[0m[1;34m; [0m[0;37m[0;37m[1;33mmov[0m [0m[0;37medi, 0x601058[0m[0m[1;34m; [0m[0;37m[0;37m[1;33mjmp[0m [0m[0;37mrax[0m[0m[1;34m; [0m
[0;31m0x0000000000400615[0m: [0;37m[0;37m[1;33madd[0m [0m[0;37mbyte ptr [rax], r8b[0m[0m[1;34m; [0m[0;37m[0;37m[1;33mpop[0m [0m[0;37mrbp[0m[0m[1;34m; [0m[1;33mret[0m[1;34m; [0m
[0;31m0x0000000000400677[0m: [0;37m[0;37m[1;33madd[0m [0m[0;37mbyte ptr [rcx], al[0m[0m[1;34m; [0m[0;37m[0;37m[1;33mpop[0m [0m[0;37mrbp[0m[0m[1;34m; [0m[1;33mret[0m[1;34m; [0m
[0;31m0x00000000004006d6[0m: [0;37m[0;37m[1;33madd[0m [0m[0;37mbyte ptr [rdi + 0x400828], bh[0m[0m[1;34m; [0m[0;37m[0;37m[1;33mcall[0m [0m[0;37m0x550[0m[0m[1;34m; [0m[0;37m[0;37m[1;33mmov[0m [0m[0;37meax, 0[0m[0m[1;34m; [0m[0;37m[0;37m[1;33mpop[0m [0m[0;37mrbp[0m[0m[1;34m; [0m[1;33mret[0m[1;34m; [0m
[0;31m0x000000000040052e[0m: [0;37m[0;37m[1;33madd[0m [0m[0;37meax, 0x200ac5[0m[0m[1;34m; [0m[0;37m[0;37m[1;33mtest[0m [0m[0;37mrax, rax[0m[0m[1;34m; [0m[0;37m[0;37m[1;33mje[0m [0m[0;37m0x53a[0m[0m[1;34m; [0m[0;37m[0;37m[1;33mcall[0m [0m[0;37mrax[0m[0m[1;34m; [0m
[0;31m0x000000000040052e[0m: [0;37m[0;37m[1;33madd[0m [0m[0;37meax, 0x200ac5[0m[0m[1;34m; [0m[0;37m[0;37m[1;33mtest[0m [0m[0;37mrax, rax[0m[0m[1;34m; [0m[0;37m[0;37m[1;33mje[0m [0m[0;37m0x53a[0m[0m[1;34m; [0m[0;37m[0;37m[1;33mcall[0m [0m[0;37mrax[0m[0m[1;34m; [0m[0;37m[0;37m[1;33madd[0m [0m[0;37mrsp, 8[0m[0m[1;34m; [0m[1;33mret[0m[1;34m; [0m
[0;31m0x000000000040053b[0m: [0;37m[0;37m[1;33madd[0m [0m[0;37mesp, 8[0m[0m[1;34m; [0m[1;33mret[0m[1;34m; [0m
[0;31m0x000000000040053a[0m: [0;37m[0;37m[1;33madd[0m [0m[0;37mrsp, 8[0m[0m[1;34m; [0m[1;33mret[0m[1;34m; [0m
[0;31m0x0000000000400531[0m: [0;37m[0;37m[1;33mand[0m [0m[0;37mbyte ptr [rax], al[0m[0m[1;34m; [0m[0;37m[0;37m[1;33mtest[0m [0m[0;37mrax, rax[0m[0m[1;34m; [0m[0;37m[0;37m[1;33mje[0m [0m[0;37m0x53a[0m[0m[1;34m; [0m[0;37m[0;37m[1;33mcall[0m [0m[0;37mrax[0m[0m[1;34m; [0m
[0;31m0x0000000000400531[0m: [0;37m[0;37m[1;33mand[0m [0m[0;37mbyte ptr [rax], al[0m[0m[1;34m; [0m[0;37m[0;37m[1;33mtest[0m [0m[0;37mrax, rax[0m[0m[1;34m; [0m[0;37m[0;37m[1;33mje[0m [0m[0;37m0x53a[0m[0m[1;34m; [0m[0;37m[0;37m[1;33mcall[0m [0m[0;37mrax[0m[0m[1;34m; [0m[0;37m[0;37m[1;33madd[0m [0m[0;37mrsp, 8[0m[0m[1;34m; [0m[1;33mret[0m[1;34m; [0m
[0;31m0x00000000004006dc[0m: [0;37m[0;37m[1;33mcall[0m [0m[0;37m0x550[0m[0m[1;34m; [0m[0;37m[0;37m[1;33mmov[0m [0m[0;37meax, 0[0m[0m[1;34m; [0m[0;37m[0;37m[1;33mpop[0m [0m[0;37mrbp[0m[0m[1;34m; [0m[1;33mret[0m[1;34m; [0m
[0;31m0x000000000040075f[0m: [0;37m[0;37m[1;33mcall[0m [0m[0;37m0x550[0m[0m[1;34m; [0m[0;37m[0;37m[1;33mmov[0m [0m[0;37medi, 0x400943[0m[0m[1;34m; [0m[0;37m[0;37m[1;33mcall[0m [0m[0;37m0x560[0m[0m[1;34m; [0m[1;33mnop[0m[1;34m; [0m[0;37m[0;37m[1;33mpop[0m [0m[0;37mrbp[0m[0m[1;34m; [0m[1;33mret[0m[1;34m; [0m
[0;31m0x000000000040074e[0m: [0;37m[0;37m[1;33mcall[0m [0m[0;37m0x550[0m[0m[1;34m; [0m[1;33mnop[0m[1;34m; [0m[1;33mleave[0m[1;34m; [0m[1;33mret[0m[1;34m; [0m
[0;31m0x0000000000400769[0m: [0;37m[0;37m[1;33mcall[0m [0m[0;37m0x560[0m[0m[1;34m; [0m[1;33mnop[0m[1;34m; [0m[0;37m[0;37m[1;33mpop[0m [0m[0;37mrbp[0m[0m[1;34m; [0m[1;33mret[0m[1;34m; [0m
[0;31m0x0000000000400744[0m: [0;37m[0;37m[1;33mcall[0m [0m[0;37m0x590[0m[0m[1;34m; [0m[0;37m[0;37m[1;33mmov[0m [0m[0;37medi, 0x40091b[0m[0m[1;34m; [0m[0;37m[0;37m[1;33mcall[0m [0m[0;37m0x550[0m[0m[1;34m; [0m[1;33mnop[0m[1;34m; [0m[1;33mleave[0m[1;34m; [0m[1;33mret[0m[1;34m; [0m
[0;31m0x000000000040066d[0m: [0;37m[0;37m[1;33mcall[0m [0m[0;37m0x5f0[0m[0m[1;34m; [0m[0;37m[0;37m[1;33mmov[0m [0m[0;37mbyte ptr [rip + 0x2009e7], 1[0m[0m[1;34m; [0m[0;37m[0;37m[1;33mpop[0m [0m[0;37mrbp[0m[0m[1;34m; [0m[1;33mret[0m[1;34m; [0m
[0;31m0x000000000040098f[0m: [0;37m[0;37m[1;33mcall[0m [0m[0;37mqword ptr [rax][0m[0m[1;34m; [0m
[0;31m0x0000000000400a33[0m: [0;37m[0;37m[1;33mcall[0m [0m[0;37mqword ptr [rcx][0m[0m[1;34m; [0m
[0;31m0x0000000000400538[0m: [0;37m[0;37m[1;33mcall[0m [0m[0;37mrax[0m[0m[1;34m; [0m
[0;31m0x0000000000400538[0m: [0;37m[0;37m[1;33mcall[0m [0m[0;37mrax[0m[0m[1;34m; [0m[0;37m[0;37m[1;33madd[0m [0m[0;37mrsp, 8[0m[0m[1;34m; [0m[1;33mret[0m[1;34m; [0m
[0;31m0x00000000004007cc[0m: [0;37m[0;37m[1;33mfmul[0m [0m[0;37mqword ptr [rax - 0x7d][0m[0m[1;34m; [0m[1;33mret[0m[1;34m; [0m
[0;31m0x000000000040052a[0m: [0;37m[0;37m[1;33min[0m [0m[0;37mal, dx[0m[0m[1;34m; [0m[0;37m[0;37m[1;33mor[0m [0m[0;37mbyte ptr [rax - 0x75], cl[0m[0m[1;34m; [0m[0;37m[0;37m[1;33madd[0m [0m[0;37meax, 0x200ac5[0m[0m[1;34m; [0m[0;37m[0;37m[1;33mtest[0m [0m[0;37mrax, rax[0m[0m[1;34m; [0m[0;37m[0;37m[1;33mje[0m [0m[0;37m0x53a[0m[0m[1;34m; [0m[0;37m[0;37m[1;33mcall[0m [0m[0;37mrax[0m[0m[1;34m; [0m
[0;31m0x0000000000400536[0m: [0;37m[0;37m[1;33mje[0m [0m[0;37m0x53a[0m[0m[1;34m; [0m[0;37m[0;37m[1;33mcall[0m [0m[0;37mrax[0m[0m[1;34m; [0m
[0;31m0x0000000000400536[0m: [0;37m[0;37m[1;33mje[0m [0m[0;37m0x53a[0m[0m[1;34m; [0m[0;37m[0;37m[1;33mcall[0m [0m[0;37mrax[0m[0m[1;34m; [0m[0;37m[0;37m[1;33madd[0m [0m[0;37mrsp, 8[0m[0m[1;34m; [0m[1;33mret[0m[1;34m; [0m
[0;31m0x0000000000400609[0m: [0;37m[0;37m[1;33mje[0m [0m[0;37m0x618[0m[0m[1;34m; [0m[0;37m[0;37m[1;33mpop[0m [0m[0;37mrbp[0m[0m[1;34m; [0m[0;37m[0;37m[1;33mmov[0m [0m[0;37medi, 0x601058[0m[0m[1;34m; [0m[0;37m[0;37m[1;33mjmp[0m [0m[0;37mrax[0m[0m[1;34m; [0m
[0;31m0x000000000040064b[0m: [0;37m[0;37m[1;33mje[0m [0m[0;37m0x658[0m[0m[1;34m; [0m[0;37m[0;37m[1;33mpop[0m [0m[0;37mrbp[0m[0m[1;34m; [0m[0;37m[0;37m[1;33mmov[0m [0m[0;37medi, 0x601058[0m[0m[1;34m; [0m[0;37m[0;37m[1;33mjmp[0m [0m[0;37mrax[0m[0m[1;34m; [0m
[0;31m0x0000000000400a93[0m: [0;37m[0;37m[1;33mjmp[0m [0m[0;37mqword ptr [rbp][0m[0m[1;34m; [0m
[0;31m0x0000000000400611[0m: [0;37m[0;37m[1;33mjmp[0m [0m[0;37mrax[0m[0m[1;34m; [0m
[0;31m0x0000000000400672[0m: [0;37m[0;37m[1;33mmov[0m [0m[0;37mbyte ptr [rip + 0x2009e7], 1[0m[0m[1;34m; [0m[0;37m[0;37m[1;33mpop[0m [0m[0;37mrbp[0m[0m[1;34m; [0m[1;33mret[0m[1;34m; [0m
[0;31m0x00000000004006e1[0m: [0;37m[0;37m[1;33mmov[0m [0m[0;37meax, 0[0m[0m[1;34m; [0m[0;37m[0;37m[1;33mpop[0m [0m[0;37mrbp[0m[0m[1;34m; [0m[1;33mret[0m[1;34m; [0m
[0;31m0x000000000040052d[0m: [0;37m[0;37m[1;33mmov[0m [0m[0;37meax, dword ptr [rip + 0x200ac5][0m[0m[1;34m; [0m[0;37m[0;37m[1;33mtest[0m [0m[0;37mrax, rax[0m[0m[1;34m; [0m[0;37m[0;37m[1;33mje[0m [0m[0;37m0x53a[0m[0m[1;34m; [0m[0;37m[0;37m[1;33mcall[0m [0m[0;37mrax[0m[0m[1;34m; [0m
[0;31m0x000000000040052d[0m: [0;37m[0;37m[1;33mmov[0m [0m[0;37meax, dword ptr [rip + 0x200ac5][0m[0m[1;34m; [0m[0;37m[0;37m[1;33mtest[0m [0m[0;37mrax, rax[0m[0m[1;34m; [0m[0;37m[0;37m[1;33mje[0m [0m[0;37m0x53a[0m[0m[1;34m; [0m[0;37m[0;37m[1;33mcall[0m [0m[0;37mrax[0m[0m[1;34m; [0m[0;37m[0;37m[1;33madd[0m [0m[0;37mrsp, 8[0m[0m[1;34m; [0m[1;33mret[0m[1;34m; [0m
[0;31m0x000000000040066b[0m: [0;37m[0;37m[1;33mmov[0m [0m[0;37mebp, esp[0m[0m[1;34m; [0m[0;37m[0;37m[1;33mcall[0m [0m[0;37m0x5f0[0m[0m[1;34m; [0m[0;37m[0;37m[1;33mmov[0m [0m[0;37mbyte ptr [rip + 0x2009e7], 1[0m[0m[1;34m; [0m[0;37m[0;37m[1;33mpop[0m [0m[0;37mrbp[0m[0m[1;34m; [0m[1;33mret[0m[1;34m; [0m
[0;31m0x00000000004006d7[0m: [0;37m[0;37m[1;33mmov[0m [0m[0;37medi, 0x400828[0m[0m[1;34m; [0m[0;37m[0;37m[1;33mcall[0m [0m[0;37m0x550[0m[0m[1;34m; [0m[0;37m[0;37m[1;33mmov[0m [0m[0;37meax, 0[0m[0m[1;34m; [0m[0;37m[0;37m[1;33mpop[0m [0m[0;37mrbp[0m[0m[1;34m; [0m[1;33mret[0m[1;34m; [0m
[0;31m0x0000000000400749[0m: [0;37m[0;37m[1;33mmov[0m [0m[0;37medi, 0x40091b[0m[0m[1;34m; [0m[0;37m[0;37m[1;33mcall[0m [0m[0;37m0x550[0m[0m[1;34m; [0m[1;33mnop[0m[1;34m; [0m[1;33mleave[0m[1;34m; [0m[1;33mret[0m[1;34m; [0m
[0;31m0x0000000000400764[0m: [0;37m[0;37m[1;33mmov[0m [0m[0;37medi, 0x400943[0m[0m[1;34m; [0m[0;37m[0;37m[1;33mcall[0m [0m[0;37m0x560[0m[0m[1;34m; [0m[1;33mnop[0m[1;34m; [0m[0;37m[0;37m[1;33mpop[0m [0m[0;37mrbp[0m[0m[1;34m; [0m[1;33mret[0m[1;34m; [0m
[0;31m0x000000000040060c[0m: [0;37m[0;37m[1;33mmov[0m [0m[0;37medi, 0x601058[0m[0m[1;34m; [0m[0;37m[0;37m[1;33mjmp[0m [0m[0;37mrax[0m[0m[1;34m; [0m
[0;31m0x000000000040052c[0m: [0;37m[0;37m[1;33mmov[0m [0m[0;37mrax, qword ptr [rip + 0x200ac5][0m[0m[1;34m; [0m[0;37m[0;37m[1;33mtest[0m [0m[0;37mrax, rax[0m[0m[1;34m; [0m[0;37m[0;37m[1;33mje[0m [0m[0;37m0x53a[0m[0m[1;34m; [0m[0;37m[0;37m[1;33mcall[0m [0m[0;37mrax[0m[0m[1;34m; [0m
[0;31m0x000000000040052c[0m: [0;37m[0;37m[1;33mmov[0m [0m[0;37mrax, qword ptr [rip + 0x200ac5][0m[0m[1;34m; [0m[0;37m[0;37m[1;33mtest[0m [0m[0;37mrax, rax[0m[0m[1;34m; [0m[0;37m[0;37m[1;33mje[0m [0m[0;37m0x53a[0m[0m[1;34m; [0m[0;37m[0;37m[1;33mcall[0m [0m[0;37mrax[0m[0m[1;34m; [0m[0;37m[0;37m[1;33madd[0m [0m[0;37mrsp, 8[0m[0m[1;34m; [0m[1;33mret[0m[1;34m; [0m
[0;31m0x000000000040066a[0m: [0;37m[0;37m[1;33mmov[0m [0m[0;37mrbp, rsp[0m[0m[1;34m; [0m[0;37m[0;37m[1;33mcall[0m [0m[0;37m0x5f0[0m[0m[1;34m; [0m[0;37m[0;37m[1;33mmov[0m [0m[0;37mbyte ptr [rip + 0x2009e7], 1[0m[0m[1;34m; [0m[0;37m[0;37m[1;33mpop[0m [0m[0;37mrbp[0m[0m[1;34m; [0m[1;33mret[0m[1;34m; [0m
[0;31m0x0000000000400613[0m: [0;37m[0;37m[1;33mnop[0m [0m[0;37mdword ptr [rax + rax][0m[0m[1;34m; [0m[0;37m[0;37m[1;33mpop[0m [0m[0;37mrbp[0m[0m[1;34m; [0m[1;33mret[0m[1;34m; [0m
[0;31m0x0000000000400655[0m: [0;37m[0;37m[1;33mnop[0m [0m[0;37mdword ptr [rax][0m[0m[1;34m; [0m[0;37m[0;37m[1;33mpop[0m [0m[0;37mrbp[0m[0m[1;34m; [0m[1;33mret[0m[1;34m; [0m
[0;31m0x0000000000400530[0m: [0;37m[0;37m[1;33mor[0m [0m[0;37mah, byte ptr [rax][0m[0m[1;34m; [0m[0;37m[0;37m[1;33madd[0m [0m[0;37mbyte ptr [rax - 0x7b], cl[0m[0m[1;34m; [0m[0;37m[0;37m[1;33msal[0m [0m[0;37mbyte ptr [rdx + rax - 1], 0xd0[0m[0m[1;34m; [0m[0;37m[0;37m[1;33madd[0m [0m[0;37mrsp, 8[0m[0m[1;34m; [0m[1;33mret[0m[1;34m; [0m
[0;31m0x000000000040052b[0m: [0;37m[0;37m[1;33mor[0m [0m[0;37mbyte ptr [rax - 0x75], cl[0m[0m[1;34m; [0m[0;37m[0;37m[1;33madd[0m [0m[0;37meax, 0x200ac5[0m[0m[1;34m; [0m[0;37m[0;37m[1;33mtest[0m [0m[0;37mrax, rax[0m[0m[1;34m; [0m[0;37m[0;37m[1;33mje[0m [0m[0;37m0x53a[0m[0m[1;34m; [0m[0;37m[0;37m[1;33mcall[0m [0m[0;37mrax[0m[0m[1;34m; [0m
[0;31m0x00000000004006d9[0m: [0;37m[0;37m[1;33mor[0m [0m[0;37mbyte ptr [rax], al[0m[0m[1;34m; [0m[0;37m[0;37m[1;33mcall[0m [0m[0;37m0x550[0m[0m[1;34m; [0m[0;37m[0;37m[1;33mmov[0m [0m[0;37meax, 0[0m[0m[1;34m; [0m[0;37m[0;37m[1;33mpop[0m [0m[0;37mrbp[0m[0m[1;34m; [0m[1;33mret[0m[1;34m; [0m
[0;31m0x0000000000400765[0m: [0;37m[0;37m[1;33mor[0m [0m[0;37mdword ptr [r8], eax[0m[0m[1;34m; [0m[0;37m[0;37m[1;33mcall[0m [0m[0;37m0x560[0m[0m[1;34m; [0m[1;33mnop[0m[1;34m; [0m[0;37m[0;37m[1;33mpop[0m [0m[0;37mrbp[0m[0m[1;34m; [0m[1;33mret[0m[1;34m; [0m
[0;31m0x000000000040074b[0m: [0;37m[0;37m[1;33mor[0m [0m[0;37mdword ptr [rax], eax[0m[0m[1;34m; [0m[0;37m[0;37m[1;33mcall[0m [0m[0;37m0x550[0m[0m[1;34m; [0m[1;33mnop[0m[1;34m; [0m[1;33mleave[0m[1;34m; [0m[1;33mret[0m[1;34m; [0m
[0;31m0x0000000000400766[0m: [0;37m[0;37m[1;33mor[0m [0m[0;37mdword ptr [rax], eax[0m[0m[1;34m; [0m[0;37m[0;37m[1;33mcall[0m [0m[0;37m0x560[0m[0m[1;34m; [0m[1;33mnop[0m[1;34m; [0m[0;37m[0;37m[1;33mpop[0m [0m[0;37mrbp[0m[0m[1;34m; [0m[1;33mret[0m[1;34m; [0m
[0;31m0x0000000000400675[0m: [0;37m[0;37m[1;33mor[0m [0m[0;37mdword ptr [rax], esp[0m[0m[1;34m; [0m[0;37m[0;37m[1;33madd[0m [0m[0;37mbyte ptr [rcx], al[0m[0m[1;34m; [0m[0;37m[0;37m[1;33mpop[0m [0m[0;37mrbp[0m[0m[1;34m; [0m[1;33mret[0m[1;34m; [0m
[0;31m0x000000000040064c[0m: [0;37m[0;37m[1;33mor[0m [0m[0;37mebx, dword ptr [rbp - 0x41][0m[0m[1;34m; [0m[0;37m[0;37m[1;33mpop[0m [0m[0;37mrax[0m[0m[1;34m; [0m[0;37m[0;37m[1;33madc[0m [0m[0;37mbyte ptr [rax], ah[0m[0m[1;34m; [0m[0;37m[0;37m[1;33mjmp[0m [0m[0;37mrax[0m[0m[1;34m; [0m
[0;31m0x00000000004007dc[0m: [0;37m[0;37m[1;33mpop[0m [0m[0;37mr12[0m[0m[1;34m; [0m[0;37m[0;37m[1;33mpop[0m [0m[0;37mr13[0m[0m[1;34m; [0m[0;37m[0;37m[1;33mpop[0m [0m[0;37mr14[0m[0m[1;34m; [0m[0;37m[0;37m[1;33mpop[0m [0m[0;37mr15[0m[0m[1;34m; [0m[1;33mret[0m[1;34m; [0m
[0;31m0x00000000004007de[0m: [0;37m[0;37m[1;33mpop[0m [0m[0;37mr13[0m[0m[1;34m; [0m[0;37m[0;37m[1;33mpop[0m [0m[0;37mr14[0m[0m[1;34m; [0m[0;37m[0;37m[1;33mpop[0m [0m[0;37mr15[0m[0m[1;34m; [0m[1;33mret[0m[1;34m; [0m
[0;31m0x00000000004007e0[0m: [0;37m[0;37m[1;33mpop[0m [0m[0;37mr14[0m[0m[1;34m; [0m[0;37m[0;37m[1;33mpop[0m [0m[0;37mr15[0m[0m[1;34m; [0m[1;33mret[0m[1;34m; [0m
[0;31m0x00000000004007e2[0m: [0;37m[0;37m[1;33mpop[0m [0m[0;37mr15[0m[0m[1;34m; [0m[1;33mret[0m[1;34m; [0m
[0;31m0x000000000040060d[0m: [0;37m[0;37m[1;33mpop[0m [0m[0;37mrax[0m[0m[1;34m; [0m[0;37m[0;37m[1;33madc[0m [0m[0;37mbyte ptr [rax], ah[0m[0m[1;34m; [0m[0;37m[0;37m[1;33mjmp[0m [0m[0;37mrax[0m[0m[1;34m; [0m
[0;31m0x000000000040060b[0m: [0;37m[0;37m[1;33mpop[0m [0m[0;37mrbp[0m[0m[1;34m; [0m[0;37m[0;37m[1;33mmov[0m [0m[0;37medi, 0x601058[0m[0m[1;34m; [0m[0;37m[0;37m[1;33mjmp[0m [0m[0;37mrax[0m[0m[1;34m; [0m
[0;31m0x00000000004007db[0m: [0;37m[0;37m[1;33mpop[0m [0m[0;37mrbp[0m[0m[1;34m; [0m[0;37m[0;37m[1;33mpop[0m [0m[0;37mr12[0m[0m[1;34m; [0m[0;37m[0;37m[1;33mpop[0m [0m[0;37mr13[0m[0m[1;34m; [0m[0;37m[0;37m[1;33mpop[0m [0m[0;37mr14[0m[0m[1;34m; [0m[0;37m[0;37m[1;33mpop[0m [0m[0;37mr15[0m[0m[1;34m; [0m[1;33mret[0m[1;34m; [0m
[0;31m0x00000000004007df[0m: [0;37m[0;37m[1;33mpop[0m [0m[0;37mrbp[0m[0m[1;34m; [0m[0;37m[0;37m[1;33mpop[0m [0m[0;37mr14[0m[0m[1;34m; [0m[0;37m[0;37m[1;33mpop[0m [0m[0;37mr15[0m[0m[1;34m; [0m[1;33mret[0m[1;34m; [0m
[0;31m0x0000000000400618[0m: [0;37m[0;37m[1;33mpop[0m [0m[0;37mrbp[0m[0m[1;34m; [0m[1;33mret[0m[1;34m; [0m
[0;31m0x00000000004007e3[0m: [0;37m[0;37m[1;33mpop[0m [0m[0;37mrdi[0m[0m[1;34m; [0m[1;33mret[0m[1;34m; [0m
[0;31m0x00000000004007e1[0m: [0;37m[0;37m[1;33mpop[0m [0m[0;37mrsi[0m[0m[1;34m; [0m[0;37m[0;37m[1;33mpop[0m [0m[0;37mr15[0m[0m[1;34m; [0m[1;33mret[0m[1;34m; [0m
[0;31m0x00000000004007dd[0m: [0;37m[0;37m[1;33mpop[0m [0m[0;37mrsp[0m[0m[1;34m; [0m[0;37m[0;37m[1;33mpop[0m [0m[0;37mr13[0m[0m[1;34m; [0m[0;37m[0;37m[1;33mpop[0m [0m[0;37mr14[0m[0m[1;34m; [0m[0;37m[0;37m[1;33mpop[0m [0m[0;37mr15[0m[0m[1;34m; [0m[1;33mret[0m[1;34m; [0m
[0;31m0x0000000000400669[0m: [0;37m[0;37m[1;33mpush[0m [0m[0;37mrbp[0m[0m[1;34m; [0m[0;37m[0;37m[1;33mmov[0m [0m[0;37mrbp, rsp[0m[0m[1;34m; [0m[0;37m[0;37m[1;33mcall[0m [0m[0;37m0x5f0[0m[0m[1;34m; [0m[0;37m[0;37m[1;33mmov[0m [0m[0;37mbyte ptr [rip + 0x2009e7], 1[0m[0m[1;34m; [0m[0;37m[0;37m[1;33mpop[0m [0m[0;37mrbp[0m[0m[1;34m; [0m[1;33mret[0m[1;34m; [0m
[0;31m0x0000000000400542[0m: [0;37m[0;37m[1;33mret[0m [0m[0;37m0x200a[0m[0m[1;34m; [0m
[0;31m0x0000000000400608[0m: [0;37m[0;37m[1;33msal[0m [0m[0;37mbyte ptr [rbp + rcx + 0x5d], 0xbf[0m[0m[1;34m; [0m[0;37m[0;37m[1;33mpop[0m [0m[0;37mrax[0m[0m[1;34m; [0m[0;37m[0;37m[1;33madc[0m [0m[0;37mbyte ptr [rax], ah[0m[0m[1;34m; [0m[0;37m[0;37m[1;33mjmp[0m [0m[0;37mrax[0m[0m[1;34m; [0m
[0;31m0x000000000040064a[0m: [0;37m[0;37m[1;33msal[0m [0m[0;37mbyte ptr [rbx + rcx + 0x5d], 0xbf[0m[0m[1;34m; [0m[0;37m[0;37m[1;33mpop[0m [0m[0;37mrax[0m[0m[1;34m; [0m[0;37m[0;37m[1;33madc[0m [0m[0;37mbyte ptr [rax], ah[0m[0m[1;34m; [0m[0;37m[0;37m[1;33mjmp[0m [0m[0;37mrax[0m[0m[1;34m; [0m
[0;31m0x0000000000400535[0m: [0;37m[0;37m[1;33msal[0m [0m[0;37mbyte ptr [rdx + rax - 1], 0xd0[0m[0m[1;34m; [0m[0;37m[0;37m[1;33madd[0m [0m[0;37mrsp, 8[0m[0m[1;34m; [0m[1;33mret[0m[1;34m; [0m
[0;31m0x00000000004007f5[0m: [0;37m[0;37m[1;33msub[0m [0m[0;37mesp, 8[0m[0m[1;34m; [0m[0;37m[0;37m[1;33madd[0m [0m[0;37mrsp, 8[0m[0m[1;34m; [0m[1;33mret[0m[1;34m; [0m
[0;31m0x0000000000400529[0m: [0;37m[0;37m[1;33msub[0m [0m[0;37mesp, 8[0m[0m[1;34m; [0m[0;37m[0;37m[1;33mmov[0m [0m[0;37mrax, qword ptr [rip + 0x200ac5][0m[0m[1;34m; [0m[0;37m[0;37m[1;33mtest[0m [0m[0;37mrax, rax[0m[0m[1;34m; [0m[0;37m[0;37m[1;33mje[0m [0m[0;37m0x53a[0m[0m[1;34m; [0m[0;37m[0;37m[1;33mcall[0m [0m[0;37mrax[0m[0m[1;34m; [0m
[0;31m0x00000000004007f4[0m: [0;37m[0;37m[1;33msub[0m [0m[0;37mrsp, 8[0m[0m[1;34m; [0m[0;37m[0;37m[1;33madd[0m [0m[0;37mrsp, 8[0m[0m[1;34m; [0m[1;33mret[0m[1;34m; [0m
[0;31m0x0000000000400528[0m: [0;37m[0;37m[1;33msub[0m [0m[0;37mrsp, 8[0m[0m[1;34m; [0m[0;37m[0;37m[1;33mmov[0m [0m[0;37mrax, qword ptr [rip + 0x200ac5][0m[0m[1;34m; [0m[0;37m[0;37m[1;33mtest[0m [0m[0;37mrax, rax[0m[0m[1;34m; [0m[0;37m[0;37m[1;33mje[0m [0m[0;37m0x53a[0m[0m[1;34m; [0m[0;37m[0;37m[1;33mcall[0m [0m[0;37mrax[0m[0m[1;34m; [0m
[0;31m0x0000000000400534[0m: [0;37m[0;37m[1;33mtest[0m [0m[0;37meax, eax[0m[0m[1;34m; [0m[0;37m[0;37m[1;33mje[0m [0m[0;37m0x53a[0m[0m[1;34m; [0m[0;37m[0;37m[1;33mcall[0m [0m[0;37mrax[0m[0m[1;34m; [0m
[0;31m0x0000000000400534[0m: [0;37m[0;37m[1;33mtest[0m [0m[0;37meax, eax[0m[0m[1;34m; [0m[0;37m[0;37m[1;33mje[0m [0m[0;37m0x53a[0m[0m[1;34m; [0m[0;37m[0;37m[1;33mcall[0m [0m[0;37mrax[0m[0m[1;34m; [0m[0;37m[0;37m[1;33madd[0m [0m[0;37mrsp, 8[0m[0m[1;34m; [0m[1;33mret[0m[1;34m; [0m
[0;31m0x0000000000400607[0m: [0;37m[0;37m[1;33mtest[0m [0m[0;37meax, eax[0m[0m[1;34m; [0m[0;37m[0;37m[1;33mje[0m [0m[0;37m0x618[0m[0m[1;34m; [0m[0;37m[0;37m[1;33mpop[0m [0m[0;37mrbp[0m[0m[1;34m; [0m[0;37m[0;37m[1;33mmov[0m [0m[0;37medi, 0x601058[0m[0m[1;34m; [0m[0;37m[0;37m[1;33mjmp[0m [0m[0;37mrax[0m[0m[1;34m; [0m
[0;31m0x0000000000400649[0m: [0;37m[0;37m[1;33mtest[0m [0m[0;37meax, eax[0m[0m[1;34m; [0m[0;37m[0;37m[1;33mje[0m [0m[0;37m0x658[0m[0m[1;34m; [0m[0;37m[0;37m[1;33mpop[0m [0m[0;37mrbp[0m[0m[1;34m; [0m[0;37m[0;37m[1;33mmov[0m [0m[0;37medi, 0x601058[0m[0m[1;34m; [0m[0;37m[0;37m[1;33mjmp[0m [0m[0;37mrax[0m[0m[1;34m; [0m
[0;31m0x0000000000400533[0m: [0;37m[0;37m[1;33mtest[0m [0m[0;37mrax, rax[0m[0m[1;34m; [0m[0;37m[0;37m[1;33mje[0m [0m[0;37m0x53a[0m[0m[1;34m; [0m[0;37m[0;37m[1;33mcall[0m [0m[0;37mrax[0m[0m[1;34m; [0m
[0;31m0x0000000000400533[0m: [0;37m[0;37m[1;33mtest[0m [0m[0;37mrax, rax[0m[0m[1;34m; [0m[0;37m[0;37m[1;33mje[0m [0m[0;37m0x53a[0m[0m[1;34m; [0m[0;37m[0;37m[1;33mcall[0m [0m[0;37mrax[0m[0m[1;34m; [0m[0;37m[0;37m[1;33madd[0m [0m[0;37mrsp, 8[0m[0m[1;34m; [0m[1;33mret[0m[1;34m; [0m
[0;31m0x0000000000400606[0m: [0;37m[0;37m[1;33mtest[0m [0m[0;37mrax, rax[0m[0m[1;34m; [0m[0;37m[0;37m[1;33mje[0m [0m[0;37m0x618[0m[0m[1;34m; [0m[0;37m[0;37m[1;33mpop[0m [0m[0;37mrbp[0m[0m[1;34m; [0m[0;37m[0;37m[1;33mmov[0m [0m[0;37medi, 0x601058[0m[0m[1;34m; [0m[0;37m[0;37m[1;33mjmp[0m [0m[0;37mrax[0m[0m[1;34m; [0m
[0;31m0x0000000000400648[0m: [0;37m[0;37m[1;33mtest[0m [0m[0;37mrax, rax[0m[0m[1;34m; [0m[0;37m[0;37m[1;33mje[0m [0m[0;37m0x658[0m[0m[1;34m; [0m[0;37m[0;37m[1;33mpop[0m [0m[0;37mrbp[0m[0m[1;34m; [0m[0;37m[0;37m[1;33mmov[0m [0m[0;37medi, 0x601058[0m[0m[1;34m; [0m[0;37m[0;37m[1;33mjmp[0m [0m[0;37mrax[0m[0m[1;34m; [0m
[0;31m0x0000000000400754[0m: [1;33mleave[0m[1;34m; [0m[1;33mret[0m[1;34m; [0m
[0;31m0x000000000040076e[0m: [1;33mnop[0m[1;34m; [0m[0;37m[0;37m[1;33mpop[0m [0m[0;37mrbp[0m[0m[1;34m; [0m[1;33mret[0m[1;34m; [0m
[0;31m0x0000000000400753[0m: [1;33mnop[0m[1;34m; [0m[1;33mleave[0m[1;34m; [0m[1;33mret[0m[1;34m; [0m
[0;31m0x000000000040053e[0m: [1;33mret[0m[1;34m; [0m

98 gadgets found
